Submitting st_21_22_1_ RNA-seq trimming job...
Submitted batch job 56999687
Job submitted for st_21_22_1_
Submitting st_21_22_2_ RNA-seq trimming job...
Submitted batch job 56999696
Job submitted for st_21_22_2_
Submitting st_21_22_3_ RNA-seq trimming job...
Submitted batch job 56999699
Job submitted for st_21_22_3_
Submitting st_22_23_1_ RNA-seq trimming job...
Submitted batch job 56999702
Job submitted for st_22_23_1_
Submitting st_22_23_2_ RNA-seq trimming job...
Submitted batch job 56999705
Job submitted for st_22_23_2_
Submitting st_22_23_3_ RNA-seq trimming job...
Submitted batch job 56999708
Job submitted for st_22_23_3_
Submitting st_24_25_1_ RNA-seq trimming job...
Submitted batch job 56999713
Job submitted for st_24_25_1_
Submitting st_24_25_2_ RNA-seq trimming job...
Submitted batch job 56999722
Job submitted for st_24_25_2_
Submitting st_24_25_3_ RNA-seq trimming job...
Submitted batch job 56999729
Job submitted for st_24_25_3_
Submitting st_25_25_1_ RNA-seq trimming job...
Submitted batch job 56999735
Job submitted for st_25_25_1_
Submitting st_25_25_2_ RNA-seq trimming job...
Submitted batch job 56999738
Job submitted for st_25_25_2_
Submitting st_25_25_3_ RNA-seq trimming job...
Submitted batch job 56999741
Job submitted for st_25_25_3_
Submitting st_27_28_1_ RNA-seq trimming job...
Submitted batch job 56999744
Job submitted for st_27_28_1_
Submitting st_27_28_2_ RNA-seq trimming job...
Submitted batch job 56999747
Job submitted for st_27_28_2_
Submitting st_27_28_3_ RNA-seq trimming job...
Submitted batch job 56999750
Job submitted for st_27_28_3_
Submitting st_29_29_1_ RNA-seq trimming job...
Submitted batch job 56999757
Job submitted for st_29_29_1_
Submitting st_29_29_2_ RNA-seq trimming job...
Submitted batch job 56999760
Job submitted for st_29_29_2_
Submitting st_29_29_3_ RNA-seq trimming job...
Submitted batch job 56999764
Job submitted for st_29_29_3_
Submitting st_30_31_1_ RNA-seq trimming job...
Submitted batch job 56999789
Job submitted for st_30_31_1_
Submitting st_30_31_2_ RNA-seq trimming job...
Submitted batch job 56999795
Job submitted for st_30_31_2_
Submitting st_30_31_3_ RNA-seq trimming job...
Submitted batch job 56999798
Job submitted for st_30_31_3_
Submitting st_31_32_1_ RNA-seq trimming job...
Submitted batch job 56999803
Job submitted for st_31_32_1_
Submitting st_31_32_2_ RNA-seq trimming job...
Submitted batch job 56999811
Job submitted for st_31_32_2_
Submitting st_31_32_3_ RNA-seq trimming job...
Submitted batch job 56999821
Job submitted for st_31_32_3_
Submitting st_32_33_1_ RNA-seq trimming job...
Submitted batch job 56999832
Job submitted for st_32_33_1_
Submitting st_32_33_2_ RNA-seq trimming job...
Submitted batch job 56999841
Job submitted for st_32_33_2_
Submitting st_32_33_3_ RNA-seq trimming job...
Submitted batch job 56999851
Job submitted for st_32_33_3_
Submitting st_33_34_1_ RNA-seq trimming job...
Submitted batch job 56999866
Job submitted for st_33_34_1_
Submitting st_33_34_2_ RNA-seq trimming job...
Submitted batch job 56999869
Job submitted for st_33_34_2_
Submitting st_33_34_3_ RNA-seq trimming job...
Submitted batch job 56999879
Job submitted for st_33_34_3_
All 30 RNA-seq trimming jobs submitted!
Monitor with: squeue -u $USER
Check logs in: /mnt/research/FishEvoDevoGeno/raw_reads_4_tony/RNA_trim/out/
